{"C:\\Users\\paulo\\Documents\\GitHub\\Book-Loop\\config\\db.config.js": {"path":"C:\\Users\\paulo\\Documents\\GitHub\\Book-Loop\\config\\db.config.js","statementMap":{"0":{"start":{"line":2,"column":15},"end":{"line":14,"column":1}},"1":{"start":{"line":16,"column":0},"end":{"line":16,"column":24}}},"fnMap":{},"branchMap":{},"s":{"0":1,"1":1},"f":{},"b":{},"_coverageSchema":"1a1c01bbd47fc00a2c39e90264f33305004495a9","hash":"bf119b95aa491436c24f513234d64eda44d9ee07"}
,"C:\\Users\\paulo\\Documents\\GitHub\\Book-Loop\\models\\block.model.js": {"path":"C:\\Users\\paulo\\Documents\\GitHub\\Book-Loop\\models\\block.model.js","statementMap":{"0":{"start":{"line":1,"column":0},"end":{"line":30,"column":2}},"1":{"start":{"line":2,"column":18},"end":{"line":27,"column":6}},"2":{"start":{"line":17,"column":20},"end":{"line":19,"column":21}},"3":{"start":{"line":18,"column":24},"end":{"line":18,"column":97}},"4":{"start":{"line":29,"column":4},"end":{"line":29,"column":17}}},"fnMap":{"0":{"name":"(anonymous_0)","decl":{"start":{"line":1,"column":17},"end":{"line":1,"column":18}},"loc":{"start":{"line":1,"column":43},"end":{"line":30,"column":1}},"line":1},"1":{"name":"(anonymous_1)","decl":{"start":{"line":16,"column":16},"end":{"line":16,"column":17}},"loc":{"start":{"line":16,"column":35},"end":{"line":20,"column":17}},"line":16}},"branchMap":{"0":{"loc":{"start":{"line":17,"column":20},"end":{"line":19,"column":21}},"type":"if","locations":[{"start":{"line":17,"column":20},"end":{"line":19,"column":21}},{"start":{},"end":{}}],"line":17}},"s":{"0":1,"1":1,"2":0,"3":0,"4":1},"f":{"0":1,"1":0},"b":{"0":[0,0]},"_coverageSchema":"1a1c01bbd47fc00a2c39e90264f33305004495a9","hash":"385932f68eed63cd7731f378f1ccdb9ff8f0f5a4"}
,"C:\\Users\\paulo\\Documents\\GitHub\\Book-Loop\\models\\bookAuthor.model.js": {"path":"C:\\Users\\paulo\\Documents\\GitHub\\Book-Loop\\models\\bookAuthor.model.js","statementMap":{"0":{"start":{"line":1,"column":0},"end":{"line":28,"column":2}},"1":{"start":{"line":2,"column":23},"end":{"line":25,"column":6}},"2":{"start":{"line":27,"column":4},"end":{"line":27,"column":22}}},"fnMap":{"0":{"name":"(anonymous_0)","decl":{"start":{"line":1,"column":17},"end":{"line":1,"column":18}},"loc":{"start":{"line":1,"column":43},"end":{"line":28,"column":1}},"line":1}},"branchMap":{},"s":{"0":1,"1":1,"2":1},"f":{"0":1},"b":{},"_coverageSchema":"1a1c01bbd47fc00a2c39e90264f33305004495a9","hash":"a87054c2dd686e27ebd780bb33de38fd15340a67"}
,"C:\\Users\\paulo\\Documents\\GitHub\\Book-Loop\\models\\bookContributor.model.js": {"path":"C:\\Users\\paulo\\Documents\\GitHub\\Book-Loop\\models\\bookContributor.model.js","statementMap":{"0":{"start":{"line":1,"column":0},"end":{"line":36,"column":2}},"1":{"start":{"line":2,"column":28},"end":{"line":33,"column":6}},"2":{"start":{"line":35,"column":4},"end":{"line":35,"column":27}}},"fnMap":{"0":{"name":"(anonymous_0)","decl":{"start":{"line":1,"column":17},"end":{"line":1,"column":18}},"loc":{"start":{"line":1,"column":43},"end":{"line":36,"column":1}},"line":1}},"branchMap":{},"s":{"0":1,"1":1,"2":1},"f":{"0":1},"b":{},"_coverageSchema":"1a1c01bbd47fc00a2c39e90264f33305004495a9","hash":"605bf6f4d3990e409394016751ab094a9933cf76"}
,"C:\\Users\\paulo\\Documents\\GitHub\\Book-Loop\\models\\bookEdition.model.js": {"path":"C:\\Users\\paulo\\Documents\\GitHub\\Book-Loop\\models\\bookEdition.model.js","statementMap":{"0":{"start":{"line":1,"column":23},"end":{"line":1,"column":38}},"1":{"start":{"line":2,"column":26},"end":{"line":2,"column":62}},"2":{"start":{"line":4,"column":0},"end":{"line":93,"column":2}},"3":{"start":{"line":5,"column":22},"end":{"line":90,"column":4}},"4":{"start":{"line":15,"column":10},"end":{"line":17,"column":11}},"5":{"start":{"line":16,"column":12},"end":{"line":16,"column":52}},"6":{"start":{"line":20,"column":10},"end":{"line":22,"column":11}},"7":{"start":{"line":21,"column":12},"end":{"line":21,"column":76}},"8":{"start":{"line":57,"column":32},"end":{"line":57,"column":86}},"9":{"start":{"line":58,"column":10},"end":{"line":60,"column":11}},"10":{"start":{"line":59,"column":12},"end":{"line":59,"column":62}},"11":{"start":{"line":92,"column":2},"end":{"line":92,"column":21}}},"fnMap":{"0":{"name":"(anonymous_0)","decl":{"start":{"line":4,"column":17},"end":{"line":4,"column":18}},"loc":{"start":{"line":4,"column":43},"end":{"line":93,"column":1}},"line":4},"1":{"name":"(anonymous_1)","decl":{"start":{"line":14,"column":8},"end":{"line":14,"column":9}},"loc":{"start":{"line":14,"column":27},"end":{"line":18,"column":9}},"line":14},"2":{"name":"(anonymous_2)","decl":{"start":{"line":19,"column":8},"end":{"line":19,"column":9}},"loc":{"start":{"line":19,"column":36},"end":{"line":23,"column":9}},"line":19},"3":{"name":"(anonymous_3)","decl":{"start":{"line":56,"column":8},"end":{"line":56,"column":9}},"loc":{"start":{"line":56,"column":34},"end":{"line":61,"column":9}},"line":56}},"branchMap":{"0":{"loc":{"start":{"line":15,"column":10},"end":{"line":17,"column":11}},"type":"if","locations":[{"start":{"line":15,"column":10},"end":{"line":17,"column":11}},{"start":{},"end":{}}],"line":15},"1":{"loc":{"start":{"line":15,"column":14},"end":{"line":15,"column":61}},"type":"binary-expr","locations":[{"start":{"line":15,"column":14},"end":{"line":15,"column":19}},{"start":{"line":15,"column":23},"end":{"line":15,"column":61}}],"line":15},"2":{"loc":{"start":{"line":20,"column":10},"end":{"line":22,"column":11}},"type":"if","locations":[{"start":{"line":20,"column":10},"end":{"line":22,"column":11}},{"start":{},"end":{}}],"line":20},"3":{"loc":{"start":{"line":20,"column":14},"end":{"line":20,"column":56}},"type":"binary-expr","locations":[{"start":{"line":20,"column":14},"end":{"line":20,"column":20}},{"start":{"line":20,"column":24},"end":{"line":20,"column":56}}],"line":20},"4":{"loc":{"start":{"line":58,"column":10},"end":{"line":60,"column":11}},"type":"if","locations":[{"start":{"line":58,"column":10},"end":{"line":60,"column":11}},{"start":{},"end":{}}],"line":58}},"s":{"0":1,"1":1,"2":1,"3":1,"4":0,"5":0,"6":0,"7":0,"8":0,"9":0,"10":0,"11":1},"f":{"0":1,"1":0,"2":0,"3":0},"b":{"0":[0,0],"1":[0,0],"2":[0,0],"3":[0,0],"4":[0,0]},"_coverageSchema":"1a1c01bbd47fc00a2c39e90264f33305004495a9","hash":"630318f2faa721dc718e717e0b6d2b73e6143b51"}
,"C:\\Users\\paulo\\Documents\\GitHub\\Book-Loop\\models\\bookGenre.model.js": {"path":"C:\\Users\\paulo\\Documents\\GitHub\\Book-Loop\\models\\bookGenre.model.js","statementMap":{"0":{"start":{"line":1,"column":0},"end":{"line":28,"column":2}},"1":{"start":{"line":2,"column":22},"end":{"line":25,"column":6}},"2":{"start":{"line":27,"column":4},"end":{"line":27,"column":21}}},"fnMap":{"0":{"name":"(anonymous_0)","decl":{"start":{"line":1,"column":17},"end":{"line":1,"column":18}},"loc":{"start":{"line":1,"column":43},"end":{"line":28,"column":1}},"line":1}},"branchMap":{},"s":{"0":1,"1":1,"2":1},"f":{"0":1},"b":{},"_coverageSchema":"1a1c01bbd47fc00a2c39e90264f33305004495a9","hash":"d6d0835a2a1d6555943646c568b23ce4c30774f3"}
,"C:\\Users\\paulo\\Documents\\GitHub\\Book-Loop\\models\\bookInSeries.model.js": {"path":"C:\\Users\\paulo\\Documents\\GitHub\\Book-Loop\\models\\bookInSeries.model.js","statementMap":{"0":{"start":{"line":1,"column":0},"end":{"line":20,"column":4}},"1":{"start":{"line":2,"column":25},"end":{"line":17,"column":6}},"2":{"start":{"line":19,"column":4},"end":{"line":19,"column":24}}},"fnMap":{"0":{"name":"(anonymous_0)","decl":{"start":{"line":1,"column":17},"end":{"line":1,"column":18}},"loc":{"start":{"line":1,"column":43},"end":{"line":20,"column":3}},"line":1}},"branchMap":{},"s":{"0":1,"1":1,"2":1},"f":{"0":1},"b":{},"_coverageSchema":"1a1c01bbd47fc00a2c39e90264f33305004495a9","hash":"10a6ab10cf23add7841028e0bafa7ecdf4d608ee"}
,"C:\\Users\\paulo\\Documents\\GitHub\\Book-Loop\\models\\commentReview.model.js": {"path":"C:\\Users\\paulo\\Documents\\GitHub\\Book-Loop\\models\\commentReview.model.js","statementMap":{"0":{"start":{"line":1,"column":0},"end":{"line":58,"column":2}},"1":{"start":{"line":2,"column":26},"end":{"line":55,"column":6}},"2":{"start":{"line":49,"column":16},"end":{"line":49,"column":140}},"3":{"start":{"line":52,"column":16},"end":{"line":52,"column":140}},"4":{"start":{"line":57,"column":4},"end":{"line":57,"column":25}}},"fnMap":{"0":{"name":"(anonymous_0)","decl":{"start":{"line":1,"column":17},"end":{"line":1,"column":18}},"loc":{"start":{"line":1,"column":43},"end":{"line":58,"column":1}},"line":1},"1":{"name":"(anonymous_1)","decl":{"start":{"line":48,"column":25},"end":{"line":48,"column":26}},"loc":{"start":{"line":48,"column":53},"end":{"line":50,"column":13}},"line":48},"2":{"name":"(anonymous_2)","decl":{"start":{"line":51,"column":26},"end":{"line":51,"column":27}},"loc":{"start":{"line":51,"column":54},"end":{"line":53,"column":13}},"line":51}},"branchMap":{},"s":{"0":1,"1":1,"2":0,"3":0,"4":1},"f":{"0":1,"1":0,"2":0},"b":{},"_coverageSchema":"1a1c01bbd47fc00a2c39e90264f33305004495a9","hash":"55388235db452ce1a1d088e9487b85df12c487c7"}
,"C:\\Users\\paulo\\Documents\\GitHub\\Book-Loop\\models\\configuration.model.js": {"path":"C:\\Users\\paulo\\Documents\\GitHub\\Book-Loop\\models\\configuration.model.js","statementMap":{"0":{"start":{"line":1,"column":0},"end":{"line":24,"column":4}},"1":{"start":{"line":2,"column":4},"end":{"line":23,"column":6}}},"fnMap":{"0":{"name":"(anonymous_0)","decl":{"start":{"line":1,"column":17},"end":{"line":1,"column":18}},"loc":{"start":{"line":1,"column":43},"end":{"line":24,"column":4}},"line":1}},"branchMap":{},"s":{"0":1,"1":1},"f":{"0":1},"b":{},"_coverageSchema":"1a1c01bbd47fc00a2c39e90264f33305004495a9","hash":"f09d8e021fb72fdfd661544e817cafe1176fab99"}
,"C:\\Users\\paulo\\Documents\\GitHub\\Book-Loop\\models\\entityType.model.js": {"path":"C:\\Users\\paulo\\Documents\\GitHub\\Book-Loop\\models\\entityType.model.js","statementMap":{"0":{"start":{"line":1,"column":0},"end":{"line":20,"column":2}},"1":{"start":{"line":2,"column":23},"end":{"line":17,"column":6}},"2":{"start":{"line":19,"column":4},"end":{"line":19,"column":22}}},"fnMap":{"0":{"name":"(anonymous_0)","decl":{"start":{"line":1,"column":17},"end":{"line":1,"column":18}},"loc":{"start":{"line":1,"column":43},"end":{"line":20,"column":1}},"line":1}},"branchMap":{},"s":{"0":1,"1":1,"2":1},"f":{"0":1},"b":{},"_coverageSchema":"1a1c01bbd47fc00a2c39e90264f33305004495a9","hash":"de17b04a0ff3f160a695026eba6fe3f382147dfd"}
,"C:\\Users\\paulo\\Documents\\GitHub\\Book-Loop\\models\\followRelationship.model.js": {"path":"C:\\Users\\paulo\\Documents\\GitHub\\Book-Loop\\models\\followRelationship.model.js","statementMap":{"0":{"start":{"line":1,"column":0},"end":{"line":32,"column":2}},"1":{"start":{"line":2,"column":31},"end":{"line":29,"column":6}},"2":{"start":{"line":21,"column":16},"end":{"line":21,"column":118}},"3":{"start":{"line":22,"column":16},"end":{"line":22,"column":114}},"4":{"start":{"line":25,"column":16},"end":{"line":25,"column":118}},"5":{"start":{"line":26,"column":16},"end":{"line":26,"column":114}},"6":{"start":{"line":31,"column":4},"end":{"line":31,"column":30}}},"fnMap":{"0":{"name":"(anonymous_0)","decl":{"start":{"line":1,"column":17},"end":{"line":1,"column":18}},"loc":{"start":{"line":1,"column":43},"end":{"line":32,"column":1}},"line":1},"1":{"name":"(anonymous_1)","decl":{"start":{"line":20,"column":25},"end":{"line":20,"column":26}},"loc":{"start":{"line":20,"column":52},"end":{"line":23,"column":13}},"line":20},"2":{"name":"(anonymous_2)","decl":{"start":{"line":24,"column":26},"end":{"line":24,"column":27}},"loc":{"start":{"line":24,"column":53},"end":{"line":27,"column":13}},"line":24}},"branchMap":{},"s":{"0":1,"1":1,"2":0,"3":0,"4":0,"5":0,"6":1},"f":{"0":1,"1":0,"2":0},"b":{},"_coverageSchema":"1a1c01bbd47fc00a2c39e90264f33305004495a9","hash":"51c28eb7414a878f4907b4c6a17cfdf414d6977c"}
,"C:\\Users\\paulo\\Documents\\GitHub\\Book-Loop\\models\\genre.model.js": {"path":"C:\\Users\\paulo\\Documents\\GitHub\\Book-Loop\\models\\genre.model.js","statementMap":{"0":{"start":{"line":1,"column":0},"end":{"line":24,"column":2}},"1":{"start":{"line":2,"column":18},"end":{"line":21,"column":6}},"2":{"start":{"line":23,"column":4},"end":{"line":23,"column":17}}},"fnMap":{"0":{"name":"(anonymous_0)","decl":{"start":{"line":1,"column":17},"end":{"line":1,"column":18}},"loc":{"start":{"line":1,"column":43},"end":{"line":24,"column":1}},"line":1}},"branchMap":{},"s":{"0":1,"1":1,"2":1},"f":{"0":1},"b":{},"_coverageSchema":"1a1c01bbd47fc00a2c39e90264f33305004495a9","hash":"07e38b7e6f83a594f82db126957b51986db18e88"}
,"C:\\Users\\paulo\\Documents\\GitHub\\Book-Loop\\models\\index.js": {"path":"C:\\Users\\paulo\\Documents\\GitHub\\Book-Loop\\models\\index.js","statementMap":{"0":{"start":{"line":1,"column":17},"end":{"line":1,"column":47}},"1":{"start":{"line":2,"column":33},"end":{"line":2,"column":53}},"2":{"start":{"line":5,"column":18},"end":{"line":14,"column":2}},"3":{"start":{"line":17,"column":0},"end":{"line":27,"column":7}},"4":{"start":{"line":19,"column":8},"end":{"line":19,"column":69}},"5":{"start":{"line":23,"column":8},"end":{"line":23,"column":71}},"6":{"start":{"line":26,"column":8},"end":{"line":26,"column":65}},"7":{"start":{"line":29,"column":11},"end":{"line":29,"column":13}},"8":{"start":{"line":30,"column":0},"end":{"line":30,"column":25}},"9":{"start":{"line":32,"column":0},"end":{"line":32,"column":59}},"10":{"start":{"line":33,"column":0},"end":{"line":33,"column":85}},"11":{"start":{"line":34,"column":0},"end":{"line":34,"column":77}},"12":{"start":{"line":35,"column":0},"end":{"line":35,"column":71}},"13":{"start":{"line":36,"column":0},"end":{"line":36,"column":61}},"14":{"start":{"line":38,"column":0},"end":{"line":38,"column":71}},"15":{"start":{"line":39,"column":0},"end":{"line":39,"column":81}},"16":{"start":{"line":40,"column":0},"end":{"line":40,"column":87}},"17":{"start":{"line":41,"column":0},"end":{"line":41,"column":61}},"18":{"start":{"line":42,"column":0},"end":{"line":42,"column":79}},"19":{"start":{"line":43,"column":0},"end":{"line":43,"column":59}},"20":{"start":{"line":44,"column":0},"end":{"line":44,"column":73}},"21":{"start":{"line":45,"column":0},"end":{"line":45,"column":75}},"22":{"start":{"line":46,"column":0},"end":{"line":46,"column":69}},"23":{"start":{"line":47,"column":0},"end":{"line":47,"column":65}},"24":{"start":{"line":48,"column":0},"end":{"line":48,"column":75}},"25":{"start":{"line":49,"column":0},"end":{"line":49,"column":67}},"26":{"start":{"line":50,"column":0},"end":{"line":50,"column":79}},"27":{"start":{"line":51,"column":0},"end":{"line":51,"column":71}},"28":{"start":{"line":52,"column":0},"end":{"line":52,"column":77}},"29":{"start":{"line":53,"column":0},"end":{"line":53,"column":73}},"30":{"start":{"line":54,"column":0},"end":{"line":54,"column":71}},"31":{"start":{"line":55,"column":0},"end":{"line":55,"column":85}},"32":{"start":{"line":56,"column":0},"end":{"line":56,"column":85}},"33":{"start":{"line":57,"column":0},"end":{"line":57,"column":87}},"34":{"start":{"line":58,"column":0},"end":{"line":58,"column":61}},"35":{"start":{"line":59,"column":0},"end":{"line":59,"column":63}},"36":{"start":{"line":60,"column":0},"end":{"line":60,"column":59}},"37":{"start":{"line":61,"column":0},"end":{"line":61,"column":72}},"38":{"start":{"line":62,"column":0},"end":{"line":62,"column":71}},"39":{"start":{"line":63,"column":0},"end":{"line":63,"column":69}},"40":{"start":{"line":64,"column":0},"end":{"line":64,"column":81}},"41":{"start":{"line":65,"column":0},"end":{"line":65,"column":67}},"42":{"start":{"line":69,"column":0},"end":{"line":69,"column":85}},"43":{"start":{"line":70,"column":0},"end":{"line":70,"column":66}},"44":{"start":{"line":72,"column":0},"end":{"line":72,"column":121}},"45":{"start":{"line":73,"column":0},"end":{"line":73,"column":77}},"46":{"start":{"line":75,"column":0},"end":{"line":75,"column":78}},"47":{"start":{"line":76,"column":0},"end":{"line":76,"column":59}},"48":{"start":{"line":78,"column":0},"end":{"line":78,"column":73}},"49":{"start":{"line":79,"column":0},"end":{"line":79,"column":54}},"50":{"start":{"line":81,"column":0},"end":{"line":81,"column":82}},"51":{"start":{"line":82,"column":0},"end":{"line":82,"column":63}},"52":{"start":{"line":84,"column":0},"end":{"line":84,"column":88}},"53":{"start":{"line":85,"column":0},"end":{"line":85,"column":96}},"54":{"start":{"line":87,"column":0},"end":{"line":87,"column":107}},"55":{"start":{"line":88,"column":0},"end":{"line":88,"column":64}},"56":{"start":{"line":90,"column":0},"end":{"line":90,"column":87}},"57":{"start":{"line":91,"column":0},"end":{"line":91,"column":86}},"58":{"start":{"line":92,"column":0},"end":{"line":92,"column":90}},"59":{"start":{"line":93,"column":0},"end":{"line":93,"column":95}},"60":{"start":{"line":95,"column":0},"end":{"line":95,"column":75}},"61":{"start":{"line":96,"column":0},"end":{"line":96,"column":76}},"62":{"start":{"line":97,"column":0},"end":{"line":97,"column":79}},"63":{"start":{"line":98,"column":0},"end":{"line":98,"column":80}},"64":{"start":{"line":100,"column":0},"end":{"line":100,"column":107}},"65":{"start":{"line":101,"column":0},"end":{"line":101,"column":81}},"66":{"start":{"line":103,"column":0},"end":{"line":103,"column":109}},"67":{"start":{"line":104,"column":0},"end":{"line":104,"column":83}},"68":{"start":{"line":106,"column":0},"end":{"line":106,"column":82}},"69":{"start":{"line":107,"column":0},"end":{"line":107,"column":83}},"70":{"start":{"line":109,"column":0},"end":{"line":109,"column":90}},"71":{"start":{"line":110,"column":0},"end":{"line":110,"column":70}},"72":{"start":{"line":112,"column":0},"end":{"line":112,"column":79}},"73":{"start":{"line":113,"column":0},"end":{"line":113,"column":60}},"74":{"start":{"line":115,"column":0},"end":{"line":115,"column":94}},"75":{"start":{"line":116,"column":0},"end":{"line":116,"column":88}},"76":{"start":{"line":118,"column":0},"end":{"line":118,"column":88}},"77":{"start":{"line":119,"column":0},"end":{"line":119,"column":68}},"78":{"start":{"line":121,"column":0},"end":{"line":121,"column":95}},"79":{"start":{"line":122,"column":0},"end":{"line":122,"column":76}},"80":{"start":{"line":124,"column":0},"end":{"line":124,"column":88}},"81":{"start":{"line":125,"column":0},"end":{"line":125,"column":68}},"82":{"start":{"line":127,"column":0},"end":{"line":127,"column":95}},"83":{"start":{"line":128,"column":0},"end":{"line":128,"column":58}},"84":{"start":{"line":130,"column":0},"end":{"line":130,"column":80}},"85":{"start":{"line":131,"column":0},"end":{"line":131,"column":73}},"86":{"start":{"line":133,"column":0},"end":{"line":133,"column":97}},"87":{"start":{"line":134,"column":0},"end":{"line":134,"column":59}},"88":{"start":{"line":136,"column":0},"end":{"line":136,"column":83}},"89":{"start":{"line":137,"column":0},"end":{"line":137,"column":77}},"90":{"start":{"line":139,"column":0},"end":{"line":139,"column":82}},"91":{"start":{"line":140,"column":0},"end":{"line":140,"column":62}},"92":{"start":{"line":142,"column":0},"end":{"line":142,"column":88}},"93":{"start":{"line":143,"column":0},"end":{"line":143,"column":68}},"94":{"start":{"line":145,"column":0},"end":{"line":145,"column":86}},"95":{"start":{"line":146,"column":0},"end":{"line":146,"column":67}},"96":{"start":{"line":148,"column":0},"end":{"line":148,"column":93}},"97":{"start":{"line":149,"column":0},"end":{"line":149,"column":69}},"98":{"start":{"line":151,"column":0},"end":{"line":151,"column":99}},"99":{"start":{"line":152,"column":0},"end":{"line":152,"column":78}},"100":{"start":{"line":154,"column":0},"end":{"line":154,"column":82}},"101":{"start":{"line":155,"column":0},"end":{"line":155,"column":63}},"102":{"start":{"line":157,"column":0},"end":{"line":157,"column":82}},"103":{"start":{"line":158,"column":0},"end":{"line":158,"column":63}},"104":{"start":{"line":160,"column":0},"end":{"line":160,"column":110}},"105":{"start":{"line":161,"column":0},"end":{"line":161,"column":79}},"106":{"start":{"line":163,"column":0},"end":{"line":163,"column":78}},"107":{"start":{"line":164,"column":0},"end":{"line":164,"column":59}},"108":{"start":{"line":166,"column":0},"end":{"line":166,"column":117}},"109":{"start":{"line":167,"column":0},"end":{"line":167,"column":104}},"110":{"start":{"line":169,"column":0},"end":{"line":169,"column":81}},"111":{"start":{"line":170,"column":0},"end":{"line":170,"column":79}},"112":{"start":{"line":172,"column":0},"end":{"line":172,"column":111}},"113":{"start":{"line":173,"column":0},"end":{"line":173,"column":93}},"114":{"start":{"line":175,"column":0},"end":{"line":175,"column":79}},"115":{"start":{"line":176,"column":0},"end":{"line":176,"column":60}},"116":{"start":{"line":178,"column":0},"end":{"line":178,"column":85}},"117":{"start":{"line":179,"column":0},"end":{"line":179,"column":66}},"118":{"start":{"line":181,"column":0},"end":{"line":181,"column":97}},"119":{"start":{"line":182,"column":0},"end":{"line":182,"column":78}},"120":{"start":{"line":184,"column":0},"end":{"line":184,"column":85}},"121":{"start":{"line":185,"column":0},"end":{"line":185,"column":66}},"122":{"start":{"line":187,"column":0},"end":{"line":187,"column":87}},"123":{"start":{"line":188,"column":0},"end":{"line":188,"column":68}},"124":{"start":{"line":190,"column":0},"end":{"line":190,"column":86}},"125":{"start":{"line":191,"column":0},"end":{"line":191,"column":67}},"126":{"start":{"line":193,"column":0},"end":{"line":193,"column":90}},"127":{"start":{"line":194,"column":0},"end":{"line":194,"column":71}},"128":{"start":{"line":196,"column":0},"end":{"line":196,"column":82}},"129":{"start":{"line":197,"column":0},"end":{"line":197,"column":62}},"130":{"start":{"line":199,"column":0},"end":{"line":199,"column":79}},"131":{"start":{"line":200,"column":0},"end":{"line":200,"column":58}},"132":{"start":{"line":202,"column":0},"end":{"line":202,"column":84}},"133":{"start":{"line":203,"column":0},"end":{"line":203,"column":64}},"134":{"start":{"line":205,"column":0},"end":{"line":205,"column":20}}},"fnMap":{"0":{"name":"(anonymous_0)","decl":{"start":{"line":18,"column":11},"end":{"line":18,"column":12}},"loc":{"start":{"line":18,"column":17},"end":{"line":21,"column":5}},"line":18},"1":{"name":"(anonymous_1)","decl":{"start":{"line":22,"column":11},"end":{"line":22,"column":12}},"loc":{"start":{"line":22,"column":17},"end":{"line":24,"column":5}},"line":22},"2":{"name":"(anonymous_2)","decl":{"start":{"line":25,"column":11},"end":{"line":25,"column":12}},"loc":{"start":{"line":25,"column":18},"end":{"line":27,"column":5}},"line":25}},"branchMap":{},"s":{"0":1,"1":1,"2":1,"3":1,"4":1,"5":1,"6":0,"7":1,"8":1,"9":1,"10":1,"11":1,"12":1,"13":1,"14":1,"15":1,"16":1,"17":1,"18":1,"19":1,"20":1,"21":1,"22":1,"23":1,"24":1,"25":1,"26":1,"27":1,"28":1,"29":1,"30":1,"31":1,"32":1,"33":1,"34":1,"35":1,"36":1,"37":1,"38":1,"39":1,"40":1,"41":1,"42":1,"43":1,"44":1,"45":1,"46":1,"47":1,"48":1,"49":1,"50":1,"51":1,"52":1,"53":1,"54":1,"55":1,"56":1,"57":1,"58":1,"59":1,"60":1,"61":1,"62":1,"63":1,"64":1,"65":1,"66":1,"67":1,"68":1,"69":1,"70":1,"71":1,"72":1,"73":1,"74":1,"75":1,"76":1,"77":1,"78":1,"79":1,"80":1,"81":1,"82":1,"83":1,"84":1,"85":1,"86":1,"87":1,"88":1,"89":1,"90":1,"91":1,"92":1,"93":1,"94":1,"95":1,"96":1,"97":1,"98":1,"99":1,"100":1,"101":1,"102":1,"103":1,"104":1,"105":1,"106":1,"107":1,"108":1,"109":1,"110":1,"111":1,"112":1,"113":1,"114":1,"115":1,"116":1,"117":1,"118":1,"119":1,"120":1,"121":1,"122":1,"123":1,"124":1,"125":1,"126":1,"127":1,"128":1,"129":1,"130":1,"131":1,"132":1,"133":1,"134":1},"f":{"0":1,"1":1,"2":0},"b":{},"_coverageSchema":"1a1c01bbd47fc00a2c39e90264f33305004495a9","hash":"ac57ecc895949f7d11bb0406dd9362bffc403b19"}
,"C:\\Users\\paulo\\Documents\\GitHub\\Book-Loop\\models\\language.model.js": {"path":"C:\\Users\\paulo\\Documents\\GitHub\\Book-Loop\\models\\language.model.js","statementMap":{"0":{"start":{"line":1,"column":0},"end":{"line":20,"column":4}},"1":{"start":{"line":2,"column":21},"end":{"line":17,"column":6}},"2":{"start":{"line":19,"column":4},"end":{"line":19,"column":20}}},"fnMap":{"0":{"name":"(anonymous_0)","decl":{"start":{"line":1,"column":17},"end":{"line":1,"column":18}},"loc":{"start":{"line":1,"column":43},"end":{"line":20,"column":3}},"line":1}},"branchMap":{},"s":{"0":1,"1":1,"2":1},"f":{"0":1},"b":{},"_coverageSchema":"1a1c01bbd47fc00a2c39e90264f33305004495a9","hash":"84960209bbce3d27f55d38de7767037cd216c39e"}
,"C:\\Users\\paulo\\Documents\\GitHub\\Book-Loop\\models\\likeComment.model.js": {"path":"C:\\Users\\paulo\\Documents\\GitHub\\Book-Loop\\models\\likeComment.model.js","statementMap":{"0":{"start":{"line":1,"column":0},"end":{"line":48,"column":2}},"1":{"start":{"line":2,"column":24},"end":{"line":35,"column":6}},"2":{"start":{"line":29,"column":16},"end":{"line":29,"column":55}},"3":{"start":{"line":32,"column":16},"end":{"line":32,"column":55}},"4":{"start":{"line":37,"column":4},"end":{"line":40,"column":6}},"5":{"start":{"line":38,"column":30},"end":{"line":38,"column":65}},"6":{"start":{"line":39,"column":8},"end":{"line":39,"column":94}},"7":{"start":{"line":42,"column":4},"end":{"line":45,"column":6}},"8":{"start":{"line":43,"column":30},"end":{"line":43,"column":65}},"9":{"start":{"line":44,"column":8},"end":{"line":44,"column":94}},"10":{"start":{"line":47,"column":4},"end":{"line":47,"column":23}}},"fnMap":{"0":{"name":"(anonymous_0)","decl":{"start":{"line":1,"column":17},"end":{"line":1,"column":18}},"loc":{"start":{"line":1,"column":43},"end":{"line":48,"column":1}},"line":1},"1":{"name":"(anonymous_1)","decl":{"start":{"line":28,"column":25},"end":{"line":28,"column":26}},"loc":{"start":{"line":28,"column":50},"end":{"line":30,"column":13}},"line":28},"2":{"name":"(anonymous_2)","decl":{"start":{"line":31,"column":26},"end":{"line":31,"column":27}},"loc":{"start":{"line":31,"column":51},"end":{"line":33,"column":13}},"line":31},"3":{"name":"(anonymous_3)","decl":{"start":{"line":37,"column":54},"end":{"line":37,"column":55}},"loc":{"start":{"line":37,"column":71},"end":{"line":40,"column":5}},"line":37},"4":{"name":"(anonymous_4)","decl":{"start":{"line":42,"column":54},"end":{"line":42,"column":55}},"loc":{"start":{"line":42,"column":71},"end":{"line":45,"column":5}},"line":42}},"branchMap":{},"s":{"0":1,"1":1,"2":0,"3":0,"4":1,"5":0,"6":0,"7":1,"8":0,"9":0,"10":1},"f":{"0":1,"1":0,"2":0,"3":0,"4":0},"b":{},"_coverageSchema":"1a1c01bbd47fc00a2c39e90264f33305004495a9","hash":"ceb74f32319e11f27e4eef10c8fd67e5942680af"}
,"C:\\Users\\paulo\\Documents\\GitHub\\Book-Loop\\models\\likeReview.model.js": {"path":"C:\\Users\\paulo\\Documents\\GitHub\\Book-Loop\\models\\likeReview.model.js","statementMap":{"0":{"start":{"line":1,"column":0},"end":{"line":48,"column":2}},"1":{"start":{"line":2,"column":23},"end":{"line":35,"column":6}},"2":{"start":{"line":29,"column":16},"end":{"line":29,"column":54}},"3":{"start":{"line":32,"column":16},"end":{"line":32,"column":54}},"4":{"start":{"line":37,"column":4},"end":{"line":40,"column":6}},"5":{"start":{"line":38,"column":31},"end":{"line":38,"column":67}},"6":{"start":{"line":39,"column":8},"end":{"line":39,"column":109}},"7":{"start":{"line":42,"column":4},"end":{"line":45,"column":6}},"8":{"start":{"line":43,"column":31},"end":{"line":43,"column":67}},"9":{"start":{"line":44,"column":8},"end":{"line":44,"column":109}},"10":{"start":{"line":47,"column":4},"end":{"line":47,"column":22}}},"fnMap":{"0":{"name":"(anonymous_0)","decl":{"start":{"line":1,"column":17},"end":{"line":1,"column":18}},"loc":{"start":{"line":1,"column":43},"end":{"line":48,"column":1}},"line":1},"1":{"name":"(anonymous_1)","decl":{"start":{"line":28,"column":25},"end":{"line":28,"column":26}},"loc":{"start":{"line":28,"column":50},"end":{"line":30,"column":13}},"line":28},"2":{"name":"(anonymous_2)","decl":{"start":{"line":31,"column":26},"end":{"line":31,"column":27}},"loc":{"start":{"line":31,"column":51},"end":{"line":33,"column":13}},"line":31},"3":{"name":"(anonymous_3)","decl":{"start":{"line":37,"column":52},"end":{"line":37,"column":53}},"loc":{"start":{"line":37,"column":69},"end":{"line":40,"column":5}},"line":37},"4":{"name":"(anonymous_4)","decl":{"start":{"line":42,"column":52},"end":{"line":42,"column":53}},"loc":{"start":{"line":42,"column":69},"end":{"line":45,"column":5}},"line":42}},"branchMap":{},"s":{"0":1,"1":1,"2":0,"3":0,"4":1,"5":0,"6":0,"7":1,"8":0,"9":0,"10":1},"f":{"0":1,"1":0,"2":0,"3":0,"4":0},"b":{},"_coverageSchema":"1a1c01bbd47fc00a2c39e90264f33305004495a9","hash":"0cbb942b3826d44b703e4a9e06a12788f37a1c3e"}
,"C:\\Users\\paulo\\Documents\\GitHub\\Book-Loop\\models\\listing.model.js": {"path":"C:\\Users\\paulo\\Documents\\GitHub\\Book-Loop\\models\\listing.model.js","statementMap":{"0":{"start":{"line":1,"column":26},"end":{"line":1,"column":62}},"1":{"start":{"line":3,"column":0},"end":{"line":89,"column":2}},"2":{"start":{"line":4,"column":20},"end":{"line":86,"column":6}},"3":{"start":{"line":51,"column":42},"end":{"line":51,"column":97}},"4":{"start":{"line":52,"column":20},"end":{"line":54,"column":21}},"5":{"start":{"line":53,"column":24},"end":{"line":53,"column":79}},"6":{"start":{"line":64,"column":42},"end":{"line":64,"column":93}},"7":{"start":{"line":65,"column":20},"end":{"line":67,"column":21}},"8":{"start":{"line":66,"column":24},"end":{"line":66,"column":74}},"9":{"start":{"line":88,"column":4},"end":{"line":88,"column":19}}},"fnMap":{"0":{"name":"(anonymous_0)","decl":{"start":{"line":3,"column":17},"end":{"line":3,"column":18}},"loc":{"start":{"line":3,"column":43},"end":{"line":89,"column":1}},"line":3},"1":{"name":"(anonymous_1)","decl":{"start":{"line":50,"column":16},"end":{"line":50,"column":17}},"loc":{"start":{"line":50,"column":47},"end":{"line":55,"column":17}},"line":50},"2":{"name":"(anonymous_2)","decl":{"start":{"line":63,"column":16},"end":{"line":63,"column":17}},"loc":{"start":{"line":63,"column":43},"end":{"line":68,"column":17}},"line":63}},"branchMap":{"0":{"loc":{"start":{"line":52,"column":20},"end":{"line":54,"column":21}},"type":"if","locations":[{"start":{"line":52,"column":20},"end":{"line":54,"column":21}},{"start":{},"end":{}}],"line":52},"1":{"loc":{"start":{"line":65,"column":20},"end":{"line":67,"column":21}},"type":"if","locations":[{"start":{"line":65,"column":20},"end":{"line":67,"column":21}},{"start":{},"end":{}}],"line":65}},"s":{"0":1,"1":1,"2":1,"3":0,"4":0,"5":0,"6":0,"7":0,"8":0,"9":1},"f":{"0":1,"1":0,"2":0},"b":{"0":[0,0],"1":[0,0]},"_coverageSchema":"1a1c01bbd47fc00a2c39e90264f33305004495a9","hash":"1376f1555fe3ec64529cabee9d9b9246c8dcf4e1"}
,"C:\\Users\\paulo\\Documents\\GitHub\\Book-Loop\\models\\listingImage.model.js": {"path":"C:\\Users\\paulo\\Documents\\GitHub\\Book-Loop\\models\\listingImage.model.js","statementMap":{"0":{"start":{"line":1,"column":0},"end":{"line":27,"column":4}},"1":{"start":{"line":2,"column":25},"end":{"line":24,"column":6}},"2":{"start":{"line":26,"column":4},"end":{"line":26,"column":24}}},"fnMap":{"0":{"name":"(anonymous_0)","decl":{"start":{"line":1,"column":17},"end":{"line":1,"column":18}},"loc":{"start":{"line":1,"column":43},"end":{"line":27,"column":3}},"line":1}},"branchMap":{},"s":{"0":1,"1":1,"2":1},"f":{"0":1},"b":{},"_coverageSchema":"1a1c01bbd47fc00a2c39e90264f33305004495a9","hash":"31cb206ab6274372c5ebf239916760b34a0e3a78"}
,"C:\\Users\\paulo\\Documents\\GitHub\\Book-Loop\\models\\literaryReview.model.js": {"path":"C:\\Users\\paulo\\Documents\\GitHub\\Book-Loop\\models\\literaryReview.model.js","statementMap":{"0":{"start":{"line":1,"column":0},"end":{"line":88,"column":2}},"1":{"start":{"line":2,"column":27},"end":{"line":70,"column":6}},"2":{"start":{"line":52,"column":16},"end":{"line":52,"column":55}},"3":{"start":{"line":53,"column":16},"end":{"line":53,"column":115}},"4":{"start":{"line":54,"column":16},"end":{"line":54,"column":115}},"5":{"start":{"line":57,"column":16},"end":{"line":57,"column":55}},"6":{"start":{"line":58,"column":36},"end":{"line":58,"column":100}},"7":{"start":{"line":59,"column":16},"end":{"line":63,"column":17}},"8":{"start":{"line":60,"column":20},"end":{"line":60,"column":143}},"9":{"start":{"line":62,"column":20},"end":{"line":62,"column":119}},"10":{"start":{"line":64,"column":16},"end":{"line":64,"column":115}},"11":{"start":{"line":67,"column":16},"end":{"line":67,"column":55}},"12":{"start":{"line":72,"column":4},"end":{"line":85,"column":6}},"13":{"start":{"line":73,"column":21},"end":{"line":73,"column":47}},"14":{"start":{"line":74,"column":24},"end":{"line":77,"column":10}},"15":{"start":{"line":79,"column":30},"end":{"line":79,"column":122}},"16":{"start":{"line":79,"column":62},"end":{"line":79,"column":101}},"17":{"start":{"line":81,"column":8},"end":{"line":84,"column":10}},"18":{"start":{"line":87,"column":4},"end":{"line":87,"column":26}}},"fnMap":{"0":{"name":"(anonymous_0)","decl":{"start":{"line":1,"column":17},"end":{"line":1,"column":18}},"loc":{"start":{"line":1,"column":43},"end":{"line":88,"column":1}},"line":1},"1":{"name":"(anonymous_1)","decl":{"start":{"line":51,"column":25},"end":{"line":51,"column":26}},"loc":{"start":{"line":51,"column":52},"end":{"line":55,"column":13}},"line":51},"2":{"name":"(anonymous_2)","decl":{"start":{"line":56,"column":26},"end":{"line":56,"column":27}},"loc":{"start":{"line":56,"column":53},"end":{"line":65,"column":13}},"line":56},"3":{"name":"(anonymous_3)","decl":{"start":{"line":66,"column":25},"end":{"line":66,"column":26}},"loc":{"start":{"line":66,"column":52},"end":{"line":68,"column":13}},"line":66},"4":{"name":"(anonymous_4)","decl":{"start":{"line":72,"column":55},"end":{"line":72,"column":56}},"loc":{"start":{"line":72,"column":72},"end":{"line":85,"column":5}},"line":72},"5":{"name":"(anonymous_5)","decl":{"start":{"line":79,"column":45},"end":{"line":79,"column":46}},"loc":{"start":{"line":79,"column":62},"end":{"line":79,"column":101}},"line":79}},"branchMap":{"0":{"loc":{"start":{"line":59,"column":16},"end":{"line":63,"column":17}},"type":"if","locations":[{"start":{"line":59,"column":16},"end":{"line":63,"column":17}},{"start":{"line":61,"column":23},"end":{"line":63,"column":17}}],"line":59}},"s":{"0":1,"1":1,"2":0,"3":0,"4":0,"5":0,"6":0,"7":0,"8":0,"9":0,"10":0,"11":0,"12":1,"13":0,"14":0,"15":0,"16":0,"17":0,"18":1},"f":{"0":1,"1":0,"2":0,"3":0,"4":0,"5":0},"b":{"0":[0,0]},"_coverageSchema":"1a1c01bbd47fc00a2c39e90264f33305004495a9","hash":"91986576d122ae2090a23ee1b7503e0c8e642dea"}
,"C:\\Users\\paulo\\Documents\\GitHub\\Book-Loop\\models\\navigationHistory.model.js": {"path":"C:\\Users\\paulo\\Documents\\GitHub\\Book-Loop\\models\\navigationHistory.model.js","statementMap":{"0":{"start":{"line":1,"column":26},"end":{"line":1,"column":62}},"1":{"start":{"line":3,"column":0},"end":{"line":69,"column":2}},"2":{"start":{"line":4,"column":30},"end":{"line":66,"column":6}},"3":{"start":{"line":55,"column":42},"end":{"line":55,"column":101}},"4":{"start":{"line":56,"column":20},"end":{"line":58,"column":21}},"5":{"start":{"line":57,"column":24},"end":{"line":57,"column":73}},"6":{"start":{"line":68,"column":4},"end":{"line":68,"column":29}}},"fnMap":{"0":{"name":"(anonymous_0)","decl":{"start":{"line":3,"column":17},"end":{"line":3,"column":18}},"loc":{"start":{"line":3,"column":43},"end":{"line":69,"column":1}},"line":3},"1":{"name":"(anonymous_1)","decl":{"start":{"line":54,"column":16},"end":{"line":54,"column":17}},"loc":{"start":{"line":54,"column":41},"end":{"line":59,"column":17}},"line":54}},"branchMap":{"0":{"loc":{"start":{"line":56,"column":20},"end":{"line":58,"column":21}},"type":"if","locations":[{"start":{"line":56,"column":20},"end":{"line":58,"column":21}},{"start":{},"end":{}}],"line":56}},"s":{"0":1,"1":1,"2":1,"3":0,"4":0,"5":0,"6":1},"f":{"0":1,"1":0},"b":{"0":[0,0]},"_coverageSchema":"1a1c01bbd47fc00a2c39e90264f33305004495a9","hash":"e11ed36ffcacb119384b6f263d9a36fe030aab01"}
,"C:\\Users\\paulo\\Documents\\GitHub\\Book-Loop\\models\\person.model.js": {"path":"C:\\Users\\paulo\\Documents\\GitHub\\Book-Loop\\models\\person.model.js","statementMap":{"0":{"start":{"line":1,"column":0},"end":{"line":22,"column":2}},"1":{"start":{"line":2,"column":19},"end":{"line":19,"column":6}},"2":{"start":{"line":21,"column":4},"end":{"line":21,"column":18}}},"fnMap":{"0":{"name":"(anonymous_0)","decl":{"start":{"line":1,"column":17},"end":{"line":1,"column":18}},"loc":{"start":{"line":1,"column":43},"end":{"line":22,"column":1}},"line":1}},"branchMap":{},"s":{"0":1,"1":1,"2":1},"f":{"0":1},"b":{},"_coverageSchema":"1a1c01bbd47fc00a2c39e90264f33305004495a9","hash":"8385ed20378120298dc8b5895f904ae864e836d5"}
,"C:\\Users\\paulo\\Documents\\GitHub\\Book-Loop\\models\\personRoles.model.js": {"path":"C:\\Users\\paulo\\Documents\\GitHub\\Book-Loop\\models\\personRoles.model.js","statementMap":{"0":{"start":{"line":2,"column":0},"end":{"line":28,"column":2}},"1":{"start":{"line":3,"column":23},"end":{"line":26,"column":6}},"2":{"start":{"line":27,"column":4},"end":{"line":27,"column":22}}},"fnMap":{"0":{"name":"(anonymous_0)","decl":{"start":{"line":2,"column":17},"end":{"line":2,"column":18}},"loc":{"start":{"line":2,"column":43},"end":{"line":28,"column":1}},"line":2}},"branchMap":{},"s":{"0":1,"1":1,"2":1},"f":{"0":1},"b":{},"_coverageSchema":"1a1c01bbd47fc00a2c39e90264f33305004495a9","hash":"a0dee73c9f8ac4f7301ae4a70620a5f06736d571"}
,"C:\\Users\\paulo\\Documents\\GitHub\\Book-Loop\\models\\postalCode.model.js": {"path":"C:\\Users\\paulo\\Documents\\GitHub\\Book-Loop\\models\\postalCode.model.js","statementMap":{"0":{"start":{"line":1,"column":0},"end":{"line":22,"column":1}},"1":{"start":{"line":2,"column":23},"end":{"line":20,"column":6}},"2":{"start":{"line":21,"column":4},"end":{"line":21,"column":22}}},"fnMap":{"0":{"name":"(anonymous_0)","decl":{"start":{"line":1,"column":17},"end":{"line":1,"column":18}},"loc":{"start":{"line":1,"column":43},"end":{"line":22,"column":1}},"line":1}},"branchMap":{},"s":{"0":1,"1":1,"2":1},"f":{"0":1},"b":{},"_coverageSchema":"1a1c01bbd47fc00a2c39e90264f33305004495a9","hash":"a8017bbe679f0116cc2cc13e3cb94df81381a418"}
,"C:\\Users\\paulo\\Documents\\GitHub\\Book-Loop\\models\\publisher.model.js": {"path":"C:\\Users\\paulo\\Documents\\GitHub\\Book-Loop\\models\\publisher.model.js","statementMap":{"0":{"start":{"line":1,"column":0},"end":{"line":20,"column":4}},"1":{"start":{"line":2,"column":22},"end":{"line":17,"column":6}},"2":{"start":{"line":19,"column":4},"end":{"line":19,"column":21}}},"fnMap":{"0":{"name":"(anonymous_0)","decl":{"start":{"line":1,"column":17},"end":{"line":1,"column":18}},"loc":{"start":{"line":1,"column":43},"end":{"line":20,"column":3}},"line":1}},"branchMap":{},"s":{"0":1,"1":1,"2":1},"f":{"0":1},"b":{},"_coverageSchema":"1a1c01bbd47fc00a2c39e90264f33305004495a9","hash":"cb1645b0e141bb714f9ae78fbd5de00334874cf8"}
,"C:\\Users\\paulo\\Documents\\GitHub\\Book-Loop\\models\\purchaseReview.model.js": {"path":"C:\\Users\\paulo\\Documents\\GitHub\\Book-Loop\\models\\purchaseReview.model.js","statementMap":{"0":{"start":{"line":1,"column":0},"end":{"line":80,"column":2}},"1":{"start":{"line":2,"column":27},"end":{"line":59,"column":6}},"2":{"start":{"line":50,"column":16},"end":{"line":50,"column":70}},"3":{"start":{"line":53,"column":16},"end":{"line":53,"column":70}},"4":{"start":{"line":56,"column":16},"end":{"line":56,"column":70}},"5":{"start":{"line":62,"column":24},"end":{"line":65,"column":10}},"6":{"start":{"line":67,"column":28},"end":{"line":67,"column":42}},"7":{"start":{"line":68,"column":30},"end":{"line":68,"column":117}},"8":{"start":{"line":68,"column":62},"end":{"line":68,"column":99}},"9":{"start":{"line":70,"column":8},"end":{"line":76,"column":10}},"10":{"start":{"line":79,"column":4},"end":{"line":79,"column":26}}},"fnMap":{"0":{"name":"(anonymous_0)","decl":{"start":{"line":1,"column":17},"end":{"line":1,"column":18}},"loc":{"start":{"line":1,"column":43},"end":{"line":80,"column":1}},"line":1},"1":{"name":"(anonymous_1)","decl":{"start":{"line":49,"column":25},"end":{"line":49,"column":26}},"loc":{"start":{"line":49,"column":52},"end":{"line":51,"column":13}},"line":49},"2":{"name":"(anonymous_2)","decl":{"start":{"line":52,"column":25},"end":{"line":52,"column":26}},"loc":{"start":{"line":52,"column":52},"end":{"line":54,"column":13}},"line":52},"3":{"name":"(anonymous_3)","decl":{"start":{"line":55,"column":26},"end":{"line":55,"column":27}},"loc":{"start":{"line":55,"column":53},"end":{"line":57,"column":13}},"line":55},"4":{"name":"updateSellerRatingAndCount","decl":{"start":{"line":61,"column":19},"end":{"line":61,"column":45}},"loc":{"start":{"line":61,"column":54},"end":{"line":77,"column":5}},"line":61},"5":{"name":"(anonymous_5)","decl":{"start":{"line":68,"column":45},"end":{"line":68,"column":46}},"loc":{"start":{"line":68,"column":62},"end":{"line":68,"column":99}},"line":68}},"branchMap":{},"s":{"0":1,"1":1,"2":0,"3":0,"4":0,"5":0,"6":0,"7":0,"8":0,"9":0,"10":1},"f":{"0":1,"1":0,"2":0,"3":0,"4":0,"5":0},"b":{},"_coverageSchema":"1a1c01bbd47fc00a2c39e90264f33305004495a9","hash":"08681466557a3ca09952a643a4aa5d1c20ae39cd"}
,"C:\\Users\\paulo\\Documents\\GitHub\\Book-Loop\\models\\role.model.js": {"path":"C:\\Users\\paulo\\Documents\\GitHub\\Book-Loop\\models\\role.model.js","statementMap":{"0":{"start":{"line":1,"column":0},"end":{"line":18,"column":2}},"1":{"start":{"line":2,"column":17},"end":{"line":16,"column":6}},"2":{"start":{"line":17,"column":4},"end":{"line":17,"column":16}}},"fnMap":{"0":{"name":"(anonymous_0)","decl":{"start":{"line":1,"column":17},"end":{"line":1,"column":18}},"loc":{"start":{"line":1,"column":43},"end":{"line":18,"column":1}},"line":1}},"branchMap":{},"s":{"0":1,"1":1,"2":1},"f":{"0":1},"b":{},"_coverageSchema":"1a1c01bbd47fc00a2c39e90264f33305004495a9","hash":"4b8387916c419fd893f58e69dd89f7295757011f"}
,"C:\\Users\\paulo\\Documents\\GitHub\\Book-Loop\\models\\sessionLog.model.js": {"path":"C:\\Users\\paulo\\Documents\\GitHub\\Book-Loop\\models\\sessionLog.model.js","statementMap":{"0":{"start":{"line":1,"column":0},"end":{"line":34,"column":2}},"1":{"start":{"line":2,"column":4},"end":{"line":33,"column":7}}},"fnMap":{"0":{"name":"(anonymous_0)","decl":{"start":{"line":1,"column":17},"end":{"line":1,"column":18}},"loc":{"start":{"line":1,"column":43},"end":{"line":34,"column":1}},"line":1}},"branchMap":{},"s":{"0":1,"1":1},"f":{"0":1},"b":{},"_coverageSchema":"1a1c01bbd47fc00a2c39e90264f33305004495a9","hash":"81378f47e66704030bfee17c864a9ae0561a3d21"}
,"C:\\Users\\paulo\\Documents\\GitHub\\Book-Loop\\models\\token.model.js": {"path":"C:\\Users\\paulo\\Documents\\GitHub\\Book-Loop\\models\\token.model.js","statementMap":{"0":{"start":{"line":1,"column":18},"end":{"line":1,"column":38}},"1":{"start":{"line":3,"column":0},"end":{"line":58,"column":2}},"2":{"start":{"line":4,"column":18},"end":{"line":55,"column":6}},"3":{"start":{"line":57,"column":4},"end":{"line":57,"column":17}}},"fnMap":{"0":{"name":"(anonymous_0)","decl":{"start":{"line":3,"column":17},"end":{"line":3,"column":18}},"loc":{"start":{"line":3,"column":43},"end":{"line":58,"column":1}},"line":3}},"branchMap":{},"s":{"0":1,"1":1,"2":1,"3":1},"f":{"0":1},"b":{},"_coverageSchema":"1a1c01bbd47fc00a2c39e90264f33305004495a9","hash":"8b61b4558cc4f82e86580291491f0821ce2138cf"}
,"C:\\Users\\paulo\\Documents\\GitHub\\Book-Loop\\models\\user.model.js": {"path":"C:\\Users\\paulo\\Documents\\GitHub\\Book-Loop\\models\\user.model.js","statementMap":{"0":{"start":{"line":1,"column":15},"end":{"line":1,"column":32}},"1":{"start":{"line":2,"column":26},"end":{"line":2,"column":62}},"2":{"start":{"line":5,"column":32},"end":{"line":11,"column":1}},"3":{"start":{"line":6,"column":4},"end":{"line":9,"column":5}},"4":{"start":{"line":8,"column":8},"end":{"line":8,"column":73}},"5":{"start":{"line":10,"column":4},"end":{"line":10,"column":11}},"6":{"start":{"line":14,"column":0},"end":{"line":145,"column":2}},"7":{"start":{"line":15,"column":17},"end":{"line":124,"column":6}},"8":{"start":{"line":76,"column":42},"end":{"line":76,"column":93}},"9":{"start":{"line":77,"column":20},"end":{"line":79,"column":21}},"10":{"start":{"line":78,"column":24},"end":{"line":78,"column":78}},"11":{"start":{"line":113,"column":29},"end":{"line":113,"column":57}},"12":{"start":{"line":114,"column":16},"end":{"line":114,"column":75}},"13":{"start":{"line":117,"column":16},"end":{"line":120,"column":17}},"14":{"start":{"line":118,"column":33},"end":{"line":118,"column":61}},"15":{"start":{"line":119,"column":20},"end":{"line":119,"column":79}},"16":{"start":{"line":127,"column":22},"end":{"line":127,"column":32}},"17":{"start":{"line":128,"column":26},"end":{"line":128,"column":41}},"18":{"start":{"line":129,"column":18},"end":{"line":129,"column":63}},"19":{"start":{"line":130,"column":18},"end":{"line":130,"column":57}},"20":{"start":{"line":131,"column":8},"end":{"line":133,"column":9}},"21":{"start":{"line":132,"column":12},"end":{"line":132,"column":18}},"22":{"start":{"line":134,"column":8},"end":{"line":136,"column":9}},"23":{"start":{"line":135,"column":12},"end":{"line":135,"column":82}},"24":{"start":{"line":140,"column":4},"end":{"line":142,"column":6}},"25":{"start":{"line":141,"column":8},"end":{"line":141,"column":61}},"26":{"start":{"line":144,"column":4},"end":{"line":144,"column":16}}},"fnMap":{"0":{"name":"(anonymous_0)","decl":{"start":{"line":5,"column":32},"end":{"line":5,"column":33}},"loc":{"start":{"line":5,"column":54},"end":{"line":11,"column":1}},"line":5},"1":{"name":"(anonymous_1)","decl":{"start":{"line":14,"column":17},"end":{"line":14,"column":18}},"loc":{"start":{"line":14,"column":43},"end":{"line":145,"column":1}},"line":14},"2":{"name":"(anonymous_2)","decl":{"start":{"line":75,"column":16},"end":{"line":75,"column":17}},"loc":{"start":{"line":75,"column":39},"end":{"line":80,"column":17}},"line":75},"3":{"name":"(anonymous_3)","decl":{"start":{"line":112,"column":26},"end":{"line":112,"column":27}},"loc":{"start":{"line":112,"column":42},"end":{"line":115,"column":13}},"line":112},"4":{"name":"(anonymous_4)","decl":{"start":{"line":116,"column":26},"end":{"line":116,"column":27}},"loc":{"start":{"line":116,"column":42},"end":{"line":121,"column":13}},"line":116},"5":{"name":"isOldEnough","decl":{"start":{"line":126,"column":13},"end":{"line":126,"column":24}},"loc":{"start":{"line":126,"column":32},"end":{"line":137,"column":5}},"line":126},"6":{"name":"(anonymous_6)","decl":{"start":{"line":140,"column":35},"end":{"line":140,"column":36}},"loc":{"start":{"line":140,"column":60},"end":{"line":142,"column":5}},"line":140}},"branchMap":{"0":{"loc":{"start":{"line":6,"column":4},"end":{"line":9,"column":5}},"type":"if","locations":[{"start":{"line":6,"column":4},"end":{"line":9,"column":5}},{"start":{},"end":{}}],"line":6},"1":{"loc":{"start":{"line":6,"column":8},"end":{"line":7,"column":58}},"type":"binary-expr","locations":[{"start":{"line":6,"column":9},"end":{"line":6,"column":28}},{"start":{"line":6,"column":32},"end":{"line":6,"column":57}},{"start":{"line":6,"column":61},"end":{"line":6,"column":92}},{"start":{"line":6,"column":96},"end":{"line":6,"column":125}},{"start":{"line":7,"column":4},"end":{"line":7,"column":58}}],"line":6},"2":{"loc":{"start":{"line":7,"column":6},"end":{"line":7,"column":57}},"type":"binary-expr","locations":[{"start":{"line":7,"column":6},"end":{"line":7,"column":17}},{"start":{"line":7,"column":21},"end":{"line":7,"column":38}},{"start":{"line":7,"column":42},"end":{"line":7,"column":57}}],"line":7},"3":{"loc":{"start":{"line":77,"column":20},"end":{"line":79,"column":21}},"type":"if","locations":[{"start":{"line":77,"column":20},"end":{"line":79,"column":21}},{"start":{},"end":{}}],"line":77},"4":{"loc":{"start":{"line":117,"column":16},"end":{"line":120,"column":17}},"type":"if","locations":[{"start":{"line":117,"column":16},"end":{"line":120,"column":17}},{"start":{},"end":{}}],"line":117},"5":{"loc":{"start":{"line":131,"column":8},"end":{"line":133,"column":9}},"type":"if","locations":[{"start":{"line":131,"column":8},"end":{"line":133,"column":9}},{"start":{},"end":{}}],"line":131},"6":{"loc":{"start":{"line":131,"column":12},"end":{"line":131,"column":71}},"type":"binary-expr","locations":[{"start":{"line":131,"column":12},"end":{"line":131,"column":17}},{"start":{"line":131,"column":22},"end":{"line":131,"column":29}},{"start":{"line":131,"column":33},"end":{"line":131,"column":70}}],"line":131},"7":{"loc":{"start":{"line":134,"column":8},"end":{"line":136,"column":9}},"type":"if","locations":[{"start":{"line":134,"column":8},"end":{"line":136,"column":9}},{"start":{},"end":{}}],"line":134}},"s":{"0":1,"1":1,"2":1,"3":0,"4":0,"5":0,"6":1,"7":1,"8":0,"9":0,"10":0,"11":0,"12":0,"13":0,"14":0,"15":0,"16":0,"17":0,"18":0,"19":0,"20":0,"21":0,"22":0,"23":0,"24":1,"25":0,"26":1},"f":{"0":0,"1":1,"2":0,"3":0,"4":0,"5":0,"6":0},"b":{"0":[0,0],"1":[0,0,0,0,0],"2":[0,0,0],"3":[0,0],"4":[0,0],"5":[0,0],"6":[0,0,0],"7":[0,0]},"_coverageSchema":"1a1c01bbd47fc00a2c39e90264f33305004495a9","hash":"9090208f9a4c7ed71964a82d36d1f7da44c8d59c"}
,"C:\\Users\\paulo\\Documents\\GitHub\\Book-Loop\\models\\userConfiguration.model.js": {"path":"C:\\Users\\paulo\\Documents\\GitHub\\Book-Loop\\models\\userConfiguration.model.js","statementMap":{"0":{"start":{"line":2,"column":0},"end":{"line":31,"column":5}},"1":{"start":{"line":3,"column":4},"end":{"line":30,"column":7}}},"fnMap":{"0":{"name":"(anonymous_0)","decl":{"start":{"line":2,"column":17},"end":{"line":2,"column":18}},"loc":{"start":{"line":2,"column":43},"end":{"line":31,"column":5}},"line":2}},"branchMap":{},"s":{"0":1,"1":1},"f":{"0":1},"b":{},"_coverageSchema":"1a1c01bbd47fc00a2c39e90264f33305004495a9","hash":"0a8f6bb404a4c820298039943b91d06df404c22b"}
,"C:\\Users\\paulo\\Documents\\GitHub\\Book-Loop\\models\\userFavoriteAuthor.model.js": {"path":"C:\\Users\\paulo\\Documents\\GitHub\\Book-Loop\\models\\userFavoriteAuthor.model.js","statementMap":{"0":{"start":{"line":1,"column":0},"end":{"line":27,"column":2}},"1":{"start":{"line":2,"column":31},"end":{"line":25,"column":6}},"2":{"start":{"line":26,"column":4},"end":{"line":26,"column":30}}},"fnMap":{"0":{"name":"(anonymous_0)","decl":{"start":{"line":1,"column":17},"end":{"line":1,"column":18}},"loc":{"start":{"line":1,"column":43},"end":{"line":27,"column":1}},"line":1}},"branchMap":{},"s":{"0":1,"1":1,"2":1},"f":{"0":1},"b":{},"_coverageSchema":"1a1c01bbd47fc00a2c39e90264f33305004495a9","hash":"06789bca3a0625a4318ffa37602e33743fd5b2ed"}
,"C:\\Users\\paulo\\Documents\\GitHub\\Book-Loop\\models\\userFavoriteGenre.model.js": {"path":"C:\\Users\\paulo\\Documents\\GitHub\\Book-Loop\\models\\userFavoriteGenre.model.js","statementMap":{"0":{"start":{"line":1,"column":0},"end":{"line":27,"column":2}},"1":{"start":{"line":2,"column":30},"end":{"line":25,"column":6}},"2":{"start":{"line":26,"column":4},"end":{"line":26,"column":29}}},"fnMap":{"0":{"name":"(anonymous_0)","decl":{"start":{"line":1,"column":17},"end":{"line":1,"column":18}},"loc":{"start":{"line":1,"column":43},"end":{"line":27,"column":1}},"line":1}},"branchMap":{},"s":{"0":1,"1":1,"2":1},"f":{"0":1},"b":{},"_coverageSchema":"1a1c01bbd47fc00a2c39e90264f33305004495a9","hash":"c333a319fe231bcb4868c871c23f23295f6779de"}
,"C:\\Users\\paulo\\Documents\\GitHub\\Book-Loop\\models\\userSocialMedia.model.js": {"path":"C:\\Users\\paulo\\Documents\\GitHub\\Book-Loop\\models\\userSocialMedia.model.js","statementMap":{"0":{"start":{"line":1,"column":0},"end":{"line":39,"column":2}},"1":{"start":{"line":2,"column":28},"end":{"line":36,"column":6}},"2":{"start":{"line":38,"column":4},"end":{"line":38,"column":27}}},"fnMap":{"0":{"name":"(anonymous_0)","decl":{"start":{"line":1,"column":17},"end":{"line":1,"column":18}},"loc":{"start":{"line":1,"column":43},"end":{"line":39,"column":1}},"line":1}},"branchMap":{},"s":{"0":1,"1":1,"2":1},"f":{"0":1},"b":{},"_coverageSchema":"1a1c01bbd47fc00a2c39e90264f33305004495a9","hash":"bdad8683c9d6ed10d0fa3e2fd56c079a20833520"}
,"C:\\Users\\paulo\\Documents\\GitHub\\Book-Loop\\models\\wishlist.model.js": {"path":"C:\\Users\\paulo\\Documents\\GitHub\\Book-Loop\\models\\wishlist.model.js","statementMap":{"0":{"start":{"line":1,"column":0},"end":{"line":33,"column":2}},"1":{"start":{"line":2,"column":19},"end":{"line":30,"column":4}},"2":{"start":{"line":32,"column":2},"end":{"line":32,"column":18}}},"fnMap":{"0":{"name":"(anonymous_0)","decl":{"start":{"line":1,"column":17},"end":{"line":1,"column":18}},"loc":{"start":{"line":1,"column":43},"end":{"line":33,"column":1}},"line":1}},"branchMap":{},"s":{"0":1,"1":1,"2":1},"f":{"0":1},"b":{},"_coverageSchema":"1a1c01bbd47fc00a2c39e90264f33305004495a9","hash":"26c253dc2e7262bb6105e337cc7cdd6855a72604"}
,"C:\\Users\\paulo\\Documents\\GitHub\\Book-Loop\\models\\work.model.js": {"path":"C:\\Users\\paulo\\Documents\\GitHub\\Book-Loop\\models\\work.model.js","statementMap":{"0":{"start":{"line":1,"column":0},"end":{"line":47,"column":4}},"1":{"start":{"line":2,"column":17},"end":{"line":44,"column":6}},"2":{"start":{"line":46,"column":4},"end":{"line":46,"column":16}}},"fnMap":{"0":{"name":"(anonymous_0)","decl":{"start":{"line":1,"column":17},"end":{"line":1,"column":18}},"loc":{"start":{"line":1,"column":43},"end":{"line":47,"column":3}},"line":1}},"branchMap":{},"s":{"0":1,"1":1,"2":1},"f":{"0":1},"b":{},"_coverageSchema":"1a1c01bbd47fc00a2c39e90264f33305004495a9","hash":"d513cd03e33d5fd84e4b6146a07b186324b7a3c3"}
,"C:\\Users\\paulo\\Documents\\GitHub\\Book-Loop\\utils\\sequelizeHelpers.js": {"path":"C:\\Users\\paulo\\Documents\\GitHub\\Book-Loop\\utils\\sequelizeHelpers.js","statementMap":{"0":{"start":{"line":9,"column":18},"end":{"line":9,"column":45}},"1":{"start":{"line":10,"column":24},"end":{"line":10,"column":54}},"2":{"start":{"line":11,"column":4},"end":{"line":11,"column":64}},"3":{"start":{"line":14,"column":0},"end":{"line":16,"column":2}}},"fnMap":{"0":{"name":"getEnumValues","decl":{"start":{"line":8,"column":9},"end":{"line":8,"column":22}},"loc":{"start":{"line":8,"column":56},"end":{"line":12,"column":1}},"line":8}},"branchMap":{"0":{"loc":{"start":{"line":11,"column":11},"end":{"line":11,"column":63}},"type":"cond-expr","locations":[{"start":{"line":11,"column":32},"end":{"line":11,"column":58}},{"start":{"line":11,"column":61},"end":{"line":11,"column":63}}],"line":11}},"s":{"0":0,"1":0,"2":0,"3":1},"f":{"0":0},"b":{"0":[0,0]},"_coverageSchema":"1a1c01bbd47fc00a2c39e90264f33305004495a9","hash":"c227502ef760ecf87d10564b9c0976ad54998543"}
}
